<?xml version="1.0" encoding="UTF-8"?>
<!-- Generated by org.testng.reporters.JUnitReportReporter -->
<testsuite hostname="DESKTOP-KKD2SSA" failures="0" tests="1" name="testPackage.TC_AddToCart_001_Test" time="6.635" errors="0" timestamp="2025-03-18T10:53:42 IST" skipped="0">
  <testcase classname="testPackage.TC_AddToCart_001_Test" name="addToCartMethod" time="6.635"/>
  <system-out/>
</testsuite> <!-- testPackage.TC_AddToCart_001_Test -->
