<?xml version="1.0" encoding="UTF-8"?>
<!-- Generated by org.testng.reporters.JUnitReportReporter -->
<testsuite hostname="DESKTOP-KKD2SSA" failures="0" tests="1" name="testPackage.TC_RemoveProductFromCart_002_Test" time="22.934" errors="0" timestamp="2025-03-18T12:23:16 IST" skipped="0">
  <testcase classname="testPackage.TC_RemoveProductFromCart_002_Test" name="removeProductFromCart" time="22.934"/>
  <system-out>
    <![CDATA[Product is removed from from cart]]>
  </system-out>
</testsuite> <!-- testPackage.TC_RemoveProductFromCart_002_Test -->
