<?xml version="1.0" encoding="UTF-8"?>
<!-- Generated by org.testng.reporters.JUnitReportReporter -->
<testsuite hostname="DESKTOP-KKD2SSA" failures="0" tests="1" name="testPackage.AddToCart" time="8.873" errors="0" timestamp="2025-03-18T10:47:38 IST" skipped="0">
  <testcase classname="testPackage.AddToCart" name="addToCartMethod" time="8.873"/>
  <system-out/>
</testsuite> <!-- testPackage.AddToCart -->
