<?xml version="1.0" encoding="UTF-8"?>
<!-- Generated by org.testng.reporters.JUnitReportReporter -->
<testsuite hostname="DESKTOP-KKD2SSA" failures="0" tests="1" name="testPackage.TC_ByeProduct_003_Test" time="17.034" errors="0" timestamp="2025-03-20T11:35:59 IST" skipped="0">
  <testcase classname="testPackage.TC_ByeProduct_003_Test" name="byeProductFromCart" time="17.034"/>
  <system-out/>
</testsuite> <!-- testPackage.TC_ByeProduct_003_Test -->
