<?xml version="1.0" encoding="UTF-8"?>
<!-- Generated by org.testng.reporters.JUnitReportReporter -->
<testsuite hostname="DESKTOP-KKD2SSA" failures="0" tests="1" name="testNGExecution.LaunchFaceBook" time="12.938" errors="0" timestamp="2025-03-05T12:23:12 IST" skipped="0">
  <testcase classname="testNGExecution.LaunchFaceBook" name="launchfacebook1" time="12.938"/>
  <system-out/>
</testsuite> <!-- testNGExecution.LaunchFaceBook -->
