<?xml version="1.0" encoding="UTF-8"?>
<!-- Generated by org.testng.reporters.JUnitReportReporter -->
<testsuite hostname="DESKTOP-KKD2SSA" failures="0" tests="2" name="TestNGPackage1.ToUnderstandEnabled" time="7.080" errors="0" timestamp="2025-03-04T11:36:41 IST" skipped="1">
  <testcase classname="TestNGPackage1.ToUnderstandEnabled" name="launchSelenium" time="7.080"/>
  <system-out/>
  <testcase classname="TestNGPackage1.ToUnderstandEnabled" name="launchjavaPoint">
    <skipped/>
  </testcase> <!-- launchjavaPoint -->
  <system-out/>
</testsuite> <!-- TestNGPackage1.ToUnderstandEnabled -->
