<?xml version="1.0" encoding="UTF-8"?>
<!-- Generated by org.testng.reporters.JUnitReportReporter -->
<testsuite hostname="DESKTOP-KKD2SSA" failures="0" tests="5" name="TestNGPackage1.ToUnderStandPriorityAttribute" time="0.025" errors="0" timestamp="2025-03-03T12:20:06 IST" skipped="0">
  <testcase classname="TestNGPackage1.ToUnderStandPriorityAttribute" name="register" time="0.010"/>
  <system-out>
    <![CDATA[This is register method]]>
  </system-out>
  <testcase classname="TestNGPackage1.ToUnderStandPriorityAttribute" name="login" time="0.004"/>
  <system-out>
    <![CDATA[This is login method]]>
  </system-out>
  <testcase classname="TestNGPackage1.ToUnderStandPriorityAttribute" name="checkAccountBalance" time="0.006"/>
  <system-out>
    <![CDATA[This is check money Method]]>
  </system-out>
  <testcase classname="TestNGPackage1.ToUnderStandPriorityAttribute" name="moneyTransfer" time="0.002"/>
  <system-out>
    <![CDATA[This is Money Transfer method]]>
  </system-out>
  <testcase classname="TestNGPackage1.ToUnderStandPriorityAttribute" name="logout" time="0.003"/>
  <system-out>
    <![CDATA[This is logout method]]>
  </system-out>
</testsuite> <!-- TestNGPackage1.ToUnderStandPriorityAttribute -->
