<?xml version="1.0" encoding="UTF-8"?>
<!-- Generated by org.testng.reporters.JUnitReportReporter -->
<testsuite hostname="DESKTOP-KKD2SSA" failures="0" tests="2" name="testNGExecution.LaunchTwitter" time="17.907" errors="0" timestamp="2025-03-05T11:55:40 IST" skipped="0">
  <testcase classname="testNGExecution.LaunchTwitter" name="launchTwitter1" time="9.739"/>
  <system-out/>
  <testcase classname="testNGExecution.LaunchTwitter" name="launchTwitter1" time="8.168"/>
  <system-out/>
</testsuite> <!-- testNGExecution.LaunchTwitter -->
