<?xml version="1.0" encoding="UTF-8"?>
<!-- Generated by org.testng.reporters.JUnitReportReporter -->
<testsuite hostname="DESKTOP-KKD2SSA" failures="0" tests="1" name="testNGExecution.LaunchInstagram" time="4.025" errors="0" timestamp="2025-03-05T12:23:12 IST" skipped="0">
  <testcase classname="testNGExecution.LaunchInstagram" name="launchInstagram1" time="4.025"/>
  <system-out/>
</testsuite> <!-- testNGExecution.LaunchInstagram -->
