<?xml version="1.0" encoding="UTF-8"?>
<!-- Generated by org.testng.reporters.JUnitReportReporter -->
<testsuite hostname="DESKTOP-KKD2SSA" failures="0" tests="2" name="TestNGPackage1.Demo" time="0.012" errors="0" timestamp="2025-03-03T12:00:50 IST" skipped="0">
  <testcase classname="TestNGPackage1.Demo" name="method1" time="0.010"/>
  <system-out>
    <![CDATA[This is testNg method1]]>
  </system-out>
  <testcase classname="TestNGPackage1.Demo" name="method2" time="0.002"/>
  <system-out>
    <![CDATA[This is testNg method2]]>
  </system-out>
</testsuite> <!-- TestNGPackage1.Demo -->
