<?xml version="1.0" encoding="UTF-8"?>
<!-- Generated by org.testng.reporters.JUnitReportReporter -->
<testsuite hostname="DESKTOP-KKD2SSA" failures="0" tests="1" name="testNGAssertion.ToUnderstandAssetion" time="11.549" errors="0" timestamp="2025-03-11T12:25:52 IST" skipped="0">
  <testcase classname="testNGAssertion.ToUnderstandAssetion" name="validLoginTC" time="11.549"/>
  <system-out/>
</testsuite> <!-- testNGAssertion.ToUnderstandAssetion -->
