<?xml version="1.0" encoding="UTF-8"?>
<!-- Generated by org.testng.reporters.JUnitReportReporter -->
<testsuite hostname="DESKTOP-KKD2SSA" failures="0" tests="5" name="TestNGPackage1.ToUnderstandThreadPoolSize" time="52.191" errors="0" timestamp="2025-03-04T11:19:59 IST" skipped="0">
  <testcase classname="TestNGPackage1.ToUnderstandThreadPoolSize" name="launchSelenium" time="15.887"/>
  <system-out/>
  <testcase classname="TestNGPackage1.ToUnderstandThreadPoolSize" name="launchSelenium" time="6.742"/>
  <system-out/>
  <testcase classname="TestNGPackage1.ToUnderstandThreadPoolSize" name="launchSelenium" time="11.627"/>
  <system-out/>
  <testcase classname="TestNGPackage1.ToUnderstandThreadPoolSize" name="launchSelenium" time="11.188"/>
  <system-out/>
  <testcase classname="TestNGPackage1.ToUnderstandThreadPoolSize" name="launchSelenium" time="6.747"/>
  <system-out/>
</testsuite> <!-- TestNGPackage1.ToUnderstandThreadPoolSize -->
