<?xml version="1.0" encoding="UTF-8"?>
<!-- Generated by org.testng.reporters.JUnitReportReporter -->
<testsuite hostname="DESKTOP-KKD2SSA" failures="0" tests="1" name="testNgExecution2.Parameterization" time="87.949" errors="0" timestamp="2025-03-06T11:46:20 IST" skipped="0">
  <testcase classname="testNgExecution2.Parameterization" name="parameterMethod" time="87.949"/>
  <system-out/>
</testsuite> <!-- testNgExecution2.Parameterization -->
