<?xml version="1.0" encoding="UTF-8"?>
<!-- Generated by org.testng.reporters.JUnitReportReporter -->
<testsuite hostname="DESKTOP-KKD2SSA" failures="0" tests="3" name="TestNGPackage1.ToUnderstandInvocationCount" time="21.201" errors="0" timestamp="2025-03-04T11:05:06 IST" skipped="0">
  <testcase classname="TestNGPackage1.ToUnderstandInvocationCount" name="launchSelenium" time="7.131"/>
  <system-out/>
  <testcase classname="TestNGPackage1.ToUnderstandInvocationCount" name="launchSelenium" time="4.957"/>
  <system-out/>
  <testcase classname="TestNGPackage1.ToUnderstandInvocationCount" name="launchSelenium" time="9.113"/>
  <system-out/>
</testsuite> <!-- TestNGPackage1.ToUnderstandInvocationCount -->
