<?xml version="1.0" encoding="UTF-8"?>
<!-- Generated by org.testng.reporters.JUnitReportReporter -->
<testsuite hostname="DESKTOP-KKD2SSA" failures="0" tests="2" name="testNgExecution2.CrossBrowserMethod" time="82.632" errors="0" timestamp="2025-03-08T11:55:54 IST" skipped="0">
  <testcase classname="testNgExecution2.CrossBrowserMethod" name="parameterMethod" time="5.541"/>
  <system-out/>
  <testcase classname="testNgExecution2.CrossBrowserMethod" name="parameterMethod" time="77.091"/>
  <system-out/>
</testsuite> <!-- testNgExecution2.CrossBrowserMethod -->
